0 info it worked if it ends with ok
1 verbose cli [ '/usr/local/bin/node', '/usr/local/bin/npm', 'start' ]
2 info using npm@3.3.12
3 info using node@v5.4.1
4 verbose run-script [ 'prestart', 'start', 'poststart' ]
5 info lifecycle ExpressGenerator@0.0.0~prestart: ExpressGenerator@0.0.0
6 silly lifecycle ExpressGenerator@0.0.0~prestart: no script for prestart, continuing
7 info lifecycle ExpressGenerator@0.0.0~start: ExpressGenerator@0.0.0
8 verbose lifecycle ExpressGenerator@0.0.0~start: unsafe-perm in lifecycle true
9 verbose lifecycle ExpressGenerator@0.0.0~start: PATH: /usr/local/lib/node_modules/npm/bin/node-gyp-bin:/Users/MBP/Documents/Escola/DAW2/DAW2 M06 DEC/Material/UF4. Comunicació asíncrona client-servidor/ExpressGenerator/node_modules/.bin:/usr/bin:/bin:/usr/sbin:/sbin
10 verbose lifecycle ExpressGenerator@0.0.0~start: CWD: /Users/MBP/Documents/Escola/DAW2/DAW2 M06 DEC/Material/UF4. Comunicació asíncrona client-servidor/ExpressGenerator
11 silly lifecycle ExpressGenerator@0.0.0~start: Args: [ '-c', 'node ./bin/www' ]
12 info lifecycle ExpressGenerator@0.0.0~start: Failed to exec start script
13 verbose stack Error: ExpressGenerator@0.0.0 start: `node ./bin/www`
13 verbose stack spawn ENOENT
13 verbose stack     at ChildProcess.<anonymous> (/usr/local/lib/node_modules/npm/lib/utils/spawn.js:17:16)
13 verbose stack     at emitTwo (events.js:87:13)
13 verbose stack     at ChildProcess.emit (events.js:172:7)
13 verbose stack     at maybeClose (internal/child_process.js:821:16)
13 verbose stack     at Process.ChildProcess._handle.onexit (internal/child_process.js:211:5)
14 verbose pkgid ExpressGenerator@0.0.0
15 verbose cwd /Users/MBP/Documents/Escola/DAW2/DAW2 M06 DEC/Material/UF4. Comunicació asíncrona client-servidor/ExpressGenerator
16 error Darwin 15.3.0
17 error argv "/usr/local/bin/node" "/usr/local/bin/npm" "start"
18 error node v5.4.1
19 error npm  v3.3.12
20 error file sh
21 error code ELIFECYCLE
22 error errno ENOENT
23 error syscall spawn
24 error ExpressGenerator@0.0.0 start: `node ./bin/www`
24 error spawn ENOENT
25 error Failed at the ExpressGenerator@0.0.0 start script 'node ./bin/www'.
25 error Make sure you have the latest version of node.js and npm installed.
25 error If you do, this is most likely a problem with the ExpressGenerator package,
25 error not with npm itself.
25 error Tell the author that this fails on your system:
25 error     node ./bin/www
25 error You can get their info via:
25 error     npm owner ls ExpressGenerator
25 error There is likely additional logging output above.
26 verbose exit [ 1, true ]
